2026-05-23 17:10:31,690 - Database - INFO - Database table ready
2026-05-23 17:10:31,691 - HackerNewsScraper - INFO - Starting Hacker News scrape...
2026-05-23 17:10:31,691 - HackerNewsScraper - INFO - Fetching: https://news.ycombinator.com
2026-05-23 17:10:34,974 - HackerNewsScraper - INFO - Successfully extracted 30 articles
2026-05-23 17:10:34,979 - Database - INFO - 💾 Saved 30 new records to database
2026-05-23 17:11:44,942 - apscheduler.scheduler - INFO - Adding job tentatively -- it will be properly scheduled when the scheduler starts
2026-05-23 17:11:44,947 - Database - INFO - Database table ready
2026-05-23 17:11:44,948 - HackerNewsScraper - INFO - Starting Hacker News scrape...
2026-05-23 17:11:44,949 - HackerNewsScraper - INFO - Fetching: https://news.ycombinator.com
2026-05-23 17:11:48,195 - HackerNewsScraper - INFO - Successfully extracted 30 articles
2026-05-23 17:11:48,200 - Database - INFO - 💾 Saved 30 new records to database
2026-05-23 17:11:48,201 - apscheduler.scheduler - INFO - Added job "scheduled_job" to job store "default"
2026-05-23 17:11:48,201 - apscheduler.scheduler - INFO - Scheduler started
2026-05-23 17:11:48,201 - apscheduler.executors.default - WARNING - Run time of job "scheduled_job (trigger: interval[1 day, 0:00:00], next run at: 2026-05-23 17:11:44 CDT)" was missed by 0:00:03.259319
2026-05-23 17:15:04,634 - Database - INFO - Database table ready
2026-05-23 17:15:04,635 - HackerNewsScraper - INFO - Starting Hacker News scrape...
2026-05-23 17:15:04,635 - HackerNewsScraper - INFO - Fetching: https://news.ycombinator.com
2026-05-23 17:15:07,907 - HackerNewsScraper - INFO - Successfully extracted 30 articles
2026-05-23 17:15:07,911 - Database - INFO - 💾 Saved 30 new records to database
2026-05-23 17:15:43,127 - Database - INFO - Database table ready
2026-05-23 17:15:43,128 - HackerNewsScraper - INFO - Starting Hacker News scrape...
2026-05-23 17:15:43,128 - HackerNewsScraper - INFO - Fetching: https://news.ycombinator.com
2026-05-23 17:15:46,348 - HackerNewsScraper - ERROR - Failed to scrape Hacker News: name 'BeautifulSoup' is not defined
2026-05-23 17:16:31,240 - Database - INFO - Database table ready
2026-05-23 17:16:31,241 - HackerNewsScraper - INFO - Starting Hacker News scrape...
2026-05-23 17:16:31,241 - HackerNewsScraper - INFO - Fetching: https://news.ycombinator.com
2026-05-23 17:16:34,494 - ChangeDetector - INFO - No structure change detected for Hacker News
2026-05-23 17:16:34,510 - HackerNewsScraper - INFO - Successfully extracted 30 articles
2026-05-23 17:16:34,514 - Database - INFO - 💾 Saved 30 new records to database
2026-05-23 17:43:15,196 - Database - INFO - Database table ready
2026-05-23 17:43:15,197 - HackerNewsScraper - INFO - Starting Hacker News scrape...
2026-05-23 17:43:15,197 - HackerNewsScraper - INFO - Fetching: https://news.ycombinator.com
2026-05-23 17:43:15,399 - ChangeDetector - WARNING - ⚠️ Structure change detected on Hacker News!
2026-05-23 17:43:15,411 - HackerNewsScraper - INFO - Successfully extracted 30 articles
2026-05-23 17:43:15,415 - Database - INFO - 💾 Saved 30 new records to database
2026-05-23 17:43:15,415 - RedditScraper - INFO - Starting Reddit scrape...
2026-05-23 17:43:15,415 - RedditScraper - INFO - Fetching: https://www.reddit.com/r/programming/
2026-05-23 17:43:21,033 - RedditScraper - INFO - Extracted 0 Reddit posts
2026-05-23 17:43:21,033 - HinduScraper - INFO - Starting The Hindu scrape...
2026-05-23 17:43:21,033 - HinduScraper - INFO - Fetching: https://www.thehindu.com/news/
2026-05-23 17:43:21,618 - HinduScraper - INFO - Extracted 20 Hindu articles
2026-05-23 17:43:21,620 - Database - INFO - 💾 Saved 20 new records to database
2026-05-23 17:43:21,620 - MoneycontrolScraper - INFO - Starting Moneycontrol scrape...
2026-05-23 17:43:21,620 - MoneycontrolScraper - INFO - Fetching: https://www.moneycontrol.com/news/
2026-05-23 17:43:23,688 - MoneycontrolScraper - INFO - Fetching: https://www.moneycontrol.com/news/
2026-05-23 17:43:25,824 - MoneycontrolScraper - INFO - Fetching: https://www.moneycontrol.com/news/
2026-05-23 17:43:25,878 - YourStoryScraper - INFO - Starting YourStory scrape...
2026-05-23 17:43:25,878 - YourStoryScraper - INFO - Fetching: https://yourstory.com
2026-05-23 17:43:58,258 - YourStoryScraper - INFO - Fetching: https://yourstory.com
2026-05-23 17:44:30,660 - YourStoryScraper - INFO - Fetching: https://yourstory.com
2026-05-23 17:47:29,770 - Database - INFO - Database table ready
2026-05-23 17:47:29,771 - HackerNewsScraper - INFO - Starting Hacker News scrape...
2026-05-23 17:47:29,771 - HackerNewsScraper - INFO - Fetching: https://news.ycombinator.com
2026-05-23 17:47:29,966 - ChangeDetector - WARNING - ⚠️ Structure change detected on Hacker News!
2026-05-23 17:47:29,980 - HackerNewsScraper - INFO - Successfully extracted 30 articles
2026-05-23 17:47:29,983 - Database - INFO - 💾 Saved 30 new records to database
2026-05-23 17:47:29,983 - RedditScraper - INFO - Starting Reddit scrape...
2026-05-23 17:47:29,983 - RedditScraper - INFO - Fetching: https://www.reddit.com/r/programming/
2026-05-23 17:47:32,812 - RedditScraper - INFO - Extracted 0 Reddit posts
2026-05-23 17:47:32,813 - HinduScraper - INFO - Starting The Hindu scrape...
2026-05-23 17:47:32,813 - HinduScraper - INFO - Fetching: https://www.thehindu.com/news/
2026-05-23 17:47:33,838 - HinduScraper - INFO - Extracted 20 Hindu articles
2026-05-23 17:47:33,840 - Database - INFO - 💾 Saved 20 new records to database
2026-05-23 17:47:33,840 - MoneycontrolScraper - INFO - Starting Moneycontrol scrape...
2026-05-23 17:47:33,840 - MoneycontrolScraper - INFO - Fetching: https://www.moneycontrol.com/news/
2026-05-23 17:47:36,245 - MoneycontrolScraper - INFO - Extracted 0 Moneycontrol articles
2026-05-23 17:47:36,246 - YourStoryScraper - INFO - Starting YourStory scrape...
2026-05-23 17:47:36,246 - YourStoryScraper - INFO - Fetching: https://yourstory.com
2026-05-23 17:47:39,382 - YourStoryScraper - INFO - Extracted 0 YourStory articles
2026-05-23 17:48:51,499 - Database - INFO - Database table ready
2026-05-23 17:48:51,500 - HackerNewsScraper - INFO - Starting Hacker News scrape...
2026-05-23 17:48:51,500 - HackerNewsScraper - INFO - Fetching: https://news.ycombinator.com
2026-05-23 17:48:51,727 - ChangeDetector - WARNING - ⚠️ Structure change detected on Hacker News!
2026-05-23 17:48:51,741 - HackerNewsScraper - INFO - Successfully extracted 30 articles
2026-05-23 17:48:51,744 - Database - INFO - 💾 Saved 30 new records to database
2026-05-23 17:48:51,744 - RedditScraper - INFO - Starting Reddit scrape...
2026-05-23 17:48:51,744 - RedditScraper - INFO - Fetching: https://www.reddit.com/r/programming/
2026-05-23 17:48:54,574 - RedditScraper - INFO - Extracted 0 Reddit posts
2026-05-23 17:48:54,574 - HinduScraper - INFO - Starting The Hindu scrape...
2026-05-23 17:48:54,574 - HinduScraper - INFO - Fetching: https://www.thehindu.com/news/
2026-05-23 17:48:54,736 - HinduScraper - INFO - Extracted 20 Hindu articles
2026-05-23 17:48:54,739 - Database - INFO - 💾 Saved 20 new records to database
2026-05-23 17:48:54,739 - MoneycontrolScraper - INFO - Starting Moneycontrol scrape...
2026-05-23 17:48:54,739 - MoneycontrolScraper - INFO - Fetching: https://www.moneycontrol.com/news/
2026-05-23 17:48:57,145 - MoneycontrolScraper - INFO - Extracted 0 Moneycontrol articles
2026-05-23 17:48:57,145 - YourStoryScraper - INFO - Starting YourStory scrape...
2026-05-23 17:48:57,145 - YourStoryScraper - INFO - Fetching: https://yourstory.com
2026-05-23 17:49:00,623 - YourStoryScraper - INFO - Extracted 92 YourStory articles
2026-05-23 17:49:00,625 - Database - INFO - 💾 Saved 92 new records to database
2026-05-23 17:52:20,974 - Database - INFO - Database table ready
2026-05-23 17:53:15,576 - Database - INFO - Database table ready
2026-05-23 17:53:15,576 - HackerNewsScraper - INFO - Starting Hacker News scrape...
2026-05-23 17:53:15,576 - HackerNewsScraper - INFO - Fetching: https://news.ycombinator.com
2026-05-23 17:53:15,782 - ChangeDetector - WARNING - ⚠️ Structure change detected on Hacker News!
2026-05-23 17:53:15,797 - HackerNewsScraper - INFO - Successfully extracted 30 articles
2026-05-23 17:53:15,800 - Database - INFO - 💾 Saved 30 new records to database
2026-05-23 17:53:15,800 - RedditScraper - INFO - Starting Reddit scrape...
2026-05-23 17:53:15,800 - RedditScraper - INFO - Fetching: https://old.reddit.com/r/programming/
2026-05-23 17:53:16,675 - RedditScraper - INFO - Extracted 20 Reddit posts
2026-05-23 17:53:16,679 - Database - INFO - 💾 Saved 20 new records to database
2026-05-23 17:53:16,679 - HinduScraper - INFO - Starting The Hindu scrape...
2026-05-23 17:53:16,679 - HinduScraper - INFO - Fetching: https://www.thehindu.com/news/
2026-05-23 17:53:17,290 - HinduScraper - INFO - Extracted 20 Hindu articles
2026-05-23 17:53:17,292 - Database - INFO - 💾 Saved 20 new records to database
2026-05-23 17:53:17,292 - EconomicTimesScraper - INFO - Starting Economic Times scrape...
2026-05-23 17:53:17,292 - EconomicTimesScraper - INFO - Fetching: https://economictimes.indiatimes.com/news/newsblogs
2026-05-23 17:53:17,821 - EconomicTimesScraper - INFO - Extracted 62 Economic Times articles
2026-05-23 17:53:17,823 - Database - INFO - 💾 Saved 62 new records to database
2026-05-23 17:53:17,823 - YourStoryScraper - INFO - Starting YourStory scrape...
2026-05-23 17:53:17,823 - YourStoryScraper - INFO - Fetching: https://yourstory.com
2026-05-23 17:53:23,256 - YourStoryScraper - INFO - Extracted 92 YourStory articles
2026-05-23 17:53:23,258 - Database - INFO - 💾 Saved 92 new records to database
2026-05-23 17:56:09,084 - Database - INFO - Database table ready
2026-05-23 17:56:09,084 - HackerNewsScraper - INFO - Starting Hacker News scrape...
2026-05-23 17:56:09,084 - HackerNewsScraper - INFO - Fetching: https://news.ycombinator.com
2026-05-23 17:56:09,290 - ChangeDetector - WARNING - ⚠️ Structure change detected on Hacker News!
2026-05-23 17:56:09,304 - HackerNewsScraper - INFO - Successfully extracted 30 articles
2026-05-23 17:56:09,306 - Database - INFO - 💾 Saved 30 new records to database
2026-05-23 17:56:09,307 - RedditScraper - INFO - Starting Reddit scrape...
2026-05-23 17:56:09,307 - RedditScraper - INFO - Fetching: https://old.reddit.com/r/programming/
2026-05-23 17:56:10,157 - RedditScraper - INFO - Extracted 20 Reddit posts
2026-05-23 17:56:10,159 - Database - INFO - 💾 Saved 20 new records to database
2026-05-23 17:56:10,159 - HinduScraper - INFO - Starting The Hindu scrape...
2026-05-23 17:56:10,159 - HinduScraper - INFO - Fetching: https://www.thehindu.com/news/
2026-05-23 17:56:10,595 - HinduScraper - INFO - Extracted 20 Hindu articles
2026-05-23 17:56:10,597 - Database - INFO - 💾 Saved 20 new records to database
2026-05-23 17:56:10,597 - EconomicTimesScraper - INFO - Starting Economic Times scrape...
2026-05-23 17:56:10,597 - EconomicTimesScraper - INFO - Fetching: https://economictimes.indiatimes.com/news/newsblogs
2026-05-23 17:56:10,796 - EconomicTimesScraper - INFO - Extracted 62 Economic Times articles
2026-05-23 17:56:10,798 - Database - INFO - 💾 Saved 62 new records to database
2026-05-23 17:56:10,798 - YourStoryScraper - INFO - Starting YourStory scrape...
2026-05-23 17:56:10,798 - YourStoryScraper - INFO - Fetching: https://yourstory.com
2026-05-23 17:56:15,481 - YourStoryScraper - INFO - Extracted 92 YourStory articles
2026-05-23 17:56:15,483 - Database - INFO - 💾 Saved 92 new records to database
2026-05-23 17:57:09,863 - Database - INFO - Database table ready
2026-05-23 17:57:09,864 - HackerNewsScraper - INFO - Starting Hacker News scrape...
2026-05-23 17:57:09,864 - HackerNewsScraper - INFO - Fetching: https://news.ycombinator.com
2026-05-23 17:57:10,069 - ChangeDetector - WARNING - ⚠️ Structure change detected on Hacker News!
2026-05-23 17:57:10,082 - HackerNewsScraper - INFO - Successfully extracted 30 articles
2026-05-23 17:57:10,084 - Database - INFO - 💾 Saved 30 new records to database
2026-05-23 17:57:10,084 - RedditScraper - INFO - Starting Reddit scrape...
2026-05-23 17:57:10,084 - RedditScraper - INFO - Fetching: https://old.reddit.com/r/programming/
2026-05-23 17:57:10,763 - RedditScraper - INFO - Extracted 20 Reddit posts
2026-05-23 17:57:10,765 - Database - INFO - 💾 Saved 20 new records to database
2026-05-23 17:57:10,765 - HinduScraper - INFO - Starting The Hindu scrape...
2026-05-23 17:57:10,765 - HinduScraper - INFO - Fetching: https://www.thehindu.com/news/
2026-05-23 17:57:10,980 - HinduScraper - INFO - Extracted 20 Hindu articles
2026-05-23 17:57:10,982 - Database - INFO - 💾 Saved 20 new records to database
2026-05-23 17:57:10,982 - EconomicTimesScraper - INFO - Starting Economic Times scrape...
2026-05-23 17:57:10,982 - EconomicTimesScraper - INFO - Fetching: https://economictimes.indiatimes.com/news/newsblogs
2026-05-23 17:57:12,488 - EconomicTimesScraper - INFO - Extracted 62 Economic Times articles
2026-05-23 17:57:12,490 - Database - INFO - 💾 Saved 62 new records to database
2026-05-23 17:57:12,490 - YourStoryScraper - INFO - Starting YourStory scrape...
2026-05-23 17:57:12,490 - YourStoryScraper - INFO - Fetching: https://yourstory.com
2026-05-23 17:57:16,065 - YourStoryScraper - INFO - Extracted 92 YourStory articles
2026-05-23 17:57:16,068 - Database - WARNING - Duplicate insert skipped: UNIQUE constraint failed: articles.link
